<?xml version="1.0" encoding="UTF-8"?>
<!-- Generated by org.testng.reporters.JUnitReportReporter -->
<testsuite skipped="0" hostname="LAPTOP-LPUGEO8E" name="testCases.ReadOneProduct" tests="1" failures="0" timestamp="30 Mar 2023 20:09:10 GMT" time="1.841" errors="0">
  <testcase name="readOneProduct" time="1.841" classname="testCases.ReadOneProduct"/>
</testsuite> <!-- testCases.ReadOneProduct -->
