<?xml version="1.0" encoding="UTF-8"?>
<!-- Generated by org.testng.reporters.JUnitReportReporter -->
<testsuite skipped="0" hostname="LAPTOP-LPUGEO8E" name="testCases.ReadAllProducts" tests="1" failures="0" timestamp="28 Mar 2023 19:09:04 GMT" time="2.611" errors="0">
  <testcase name="readAllProducts" time="2.611" classname="testCases.ReadAllProducts"/>
</testsuite> <!-- testCases.ReadAllProducts -->
